<?xml version="1.0" encoding="UTF-8"?>
<!-- Generated by org.testng.reporters.JUnitXMLReporter -->
<testsuite ignored="0" hostname="DESKTOP-R9DPKJC" failures="1" tests="5" name="Test" time="47.04" errors="0" timestamp="2021-03-14T13:28:22 IST">
  <testcase classname="com.application1.tests.OrangeHRMLogin" name="Loginnew" time="5.13"/>
  <testcase classname="com.application1.tests.OrangeHRMLogin" name="Login" time="5.596"/>
  <testcase classname="com.application1.tests.OrangeHRMLogin" name="Loginnew" time="5.349"/>
  <testcase classname="com.application1.tests.OrangeHRMLogin" name="Login" time="6.011"/>
  <testcase classname="com.application1.tests.OrangeHRMLogin" name="Login" time="6.85">
    <failure type="org.openqa.selenium.TimeoutException" message="Expected condition failed: waiting for com.application1.page.BasePage$$Lambda$523/0x000000080038b478@33eeca8d (tried for 5 second(s) with 500 milliseconds interval)">
      <![CDATA[org.openqa.selenium.TimeoutException: Expected condition failed: waiting for com.application1.page.BasePage$$Lambda$523/0x000000080038b478@33eeca8d (tried for 5 second(s) with 500 milliseconds interval)
at org.openqa.selenium.support.ui.WebDriverWait.timeoutException(WebDriverWait.java:95)
at org.openqa.selenium.support.ui.FluentWait.until(FluentWait.java:272)
at com.application1.page.BasePage.explicitilyWaitForAnElementDisplayed(BasePage.java:40)
at com.application1.page.BasePage.click(BasePage.java:18)
at com.application1.page.OrangeHRMHomePage.clickWelcome(OrangeHRMHomePage.java:19)
at com.application1.tests.OrangeHRMLogin.Login(OrangeHRMLogin.java:22)
at java.base/java.util.concurrent.ThreadPoolExecutor.runWorker(ThreadPoolExecutor.java:1130)
at java.base/java.util.concurrent.ThreadPoolExecutor$Worker.run(ThreadPoolExecutor.java:630)
at java.base/java.lang.Thread.run(Thread.java:832)
Caused by: org.openqa.selenium.NoSuchElementException: no such element: Unable to locate element: {"method":"css selector","selector":"#welcome"}
  (Session info: chrome=89.0.4389.82)
For documentation on this error, please visit: https://www.seleniumhq.org/exceptions/no_such_element.html
Build info: version: '3.141.59', revision: 'e82be7d358', time: '2018-11-14T08:17:03'
System info: host: 'DESKTOP-R9DPKJC', ip: '192.168.0.108', os.name: 'Windows 10', os.arch: 'amd64', os.version: '10.0', java.version: '15.0.1'
Driver info: org.openqa.selenium.remote.RemoteWebDriver
Capabilities {acceptInsecureCerts: false, browserName: chrome, browserVersion: 89.0.4389.82, chrome: {chromedriverVersion: 89.0.4389.23 (61b08ee2c5002..., userDataDir: /tmp/.com.google.Chrome.EIbaOP}, goog:chromeOptions: {debuggerAddress: localhost:45931}, javascriptEnabled: true, networkConnectionEnabled: false, pageLoadStrategy: normal, platform: LINUX, platformName: LINUX, proxy: Proxy(), setWindowRect: true, strictFileInteractability: false, timeouts: {implicit: 0, pageLoad: 300000, script: 30000}, unhandledPromptBehavior: dismiss and notify, webauthn:extension:largeBlob: true, webauthn:virtualAuthenticators: true, webdriver.remote.sessionid: 41e7f21761b84c2247ae65f7b15...}
Session ID: 41e7f21761b84c2247ae65f7b15540e5
*** Element info: {Using=id, value=welcome}
at org.openqa.selenium.remote.http.W3CHttpResponseCodec.createException(W3CHttpResponseCodec.java:187)
at org.openqa.selenium.remote.http.W3CHttpResponseCodec.decode(W3CHttpResponseCodec.java:122)
at org.openqa.selenium.remote.http.W3CHttpResponseCodec.decode(W3CHttpResponseCodec.java:49)
at org.openqa.selenium.remote.HttpCommandExecutor.execute(HttpCommandExecutor.java:158)
at org.openqa.selenium.remote.RemoteWebDriver.execute(RemoteWebDriver.java:552)
at org.openqa.selenium.remote.RemoteWebDriver.findElement(RemoteWebDriver.java:323)
at org.openqa.selenium.remote.RemoteWebDriver.findElementById(RemoteWebDriver.java:372)
at org.openqa.selenium.By$ById.findElement(By.java:188)
at org.openqa.selenium.remote.RemoteWebDriver.findElement(RemoteWebDriver.java:315)
at com.application1.page.BasePage.lambda$1(BasePage.java:40)
at org.openqa.selenium.support.ui.FluentWait.until(FluentWait.java:249)
... 19 more
... Removed 17 stack frames]]>
    </failure>
  </testcase> <!-- Login -->
</testsuite> <!-- Test -->
